#
# There is insufficient memory for the Java Runtime Environment to continue.
# Native memory allocation (mmap) failed to map 125829120 bytes for G1 virtual space
# Possible reasons:
#   The system is out of physical RAM or swap space
#   The process is running with CompressedOops enabled, and the Java Heap may be blocking the growth of the native heap
# Possible solutions:
#   Reduce memory load on the system
#   Increase physical memory or swap space
#   Check if swap backing store is full
#   Decrease Java heap size (-Xmx/-Xms)
#   Decrease number of Java threads
#   Decrease Java thread stack sizes (-Xss)
#   Set larger code cache with -XX:ReservedCodeCacheSize=
#   JVM is running with Unscaled Compressed Oops mode in which the Java heap is
#     placed in the first 4GB address space. The Java Heap base address is the
#     maximum limit for the native heap growth. Please use -XX:HeapBaseMinAddress
#     to set the Java Heap base and to place the Java Heap above 4GB virtual address.
# This output file may be truncated or incomplete.
#
#  Out of Memory Error (os_windows.cpp:3550), pid=8348, tid=1980
#
# JRE version:  (17.0.8+9) (build )
# Java VM: Java HotSpot(TM) 64-Bit Server VM (17.0.8+9-LTS-211, mixed mode, sharing, tiered, compressed oops, compressed class ptrs, g1 gc, windows-amd64)
# No core dump will be written. Minidumps are not enabled by default on client versions of Windows
#

---------------  S U M M A R Y ------------

Command Line: -Djava .library.path=./DynamoDBLocal_lib -jar DynamoDBLocal.jar -sharedDb -port 8000

Host: AMD Ryzen 5 5600H with Radeon Graphics         , 12 cores, 7G,  Windows 11 , 64 bit Build 22621 (10.0.22621.5413)
Time: Mon Jul 14 20:56:48 2025 India Standard Time elapsed time: 0.021756 seconds (0d 0h 0m 0s)

---------------  T H R E A D  ---------------

Current thread (0x000001d7f3be3fe0):  JavaThread "Unknown thread" [_thread_in_vm, id=1980, stack(0x0000001797800000,0x0000001797900000)]

Stack: [0x0000001797800000,0x0000001797900000]
Native frames: (J=compiled Java code, j=interpreted, Vv=VM code, C=native code)
V  [jvm.dll+0x677d0a]
V  [jvm.dll+0x7d8c54]
V  [jvm.dll+0x7da3fe]
V  [jvm.dll+0x7daa63]
V  [jvm.dll+0x245c5f]
V  [jvm.dll+0x674bb9]
V  [jvm.dll+0x6694f2]
V  [jvm.dll+0x3031d6]
V  [jvm.dll+0x30a756]
V  [jvm.dll+0x359f9e]
V  [jvm.dll+0x35a1cf]
V  [jvm.dll+0x2da3e8]
V  [jvm.dll+0x2db354]
V  [jvm.dll+0x7aa711]
V  [jvm.dll+0x367b51]
V  [jvm.dll+0x789979]
V  [jvm.dll+0x3eb05f]
V  [jvm.dll+0x3ecae1]
C  [jli.dll+0x5297]
C  [ucrtbase.dll+0x29333]
C  [KERNEL32.DLL+0x1259d]
C  [ntdll.dll+0x5af78]


---------------  P R O C E S S  ---------------

Threads class SMR info:
_java_thread_list=0x00007ffa15b459d8, length=0, elements={
}

Java Threads: ( => current thread )

Other Threads:
  0x000001d7f3c39bc0 GCTaskThread "GC Thread#0" [stack: 0x0000001797900000,0x0000001797a00000] [id=12728]
  0x000001d7f3c49700 ConcurrentGCThread "G1 Main Marker" [stack: 0x0000001797a00000,0x0000001797b00000] [id=18752]
  0x000001d7f3c4b020 ConcurrentGCThread "G1 Conc#0" [stack: 0x0000001797b00000,0x0000001797c00000] [id=8500]

[error occurred during error reporting (printing all threads), id 0xc0000005, EXCEPTION_ACCESS_VIOLATION (0xc0000005) at pc=0x00007ffa1537b047]

VM state: not at safepoint (not fully initialized)

VM Mutex/Monitor currently owned by a thread:  ([mutex/lock_event])
[0x000001d7f3bdfda0] Heap_lock - owner thread: 0x000001d7f3be3fe0

Heap address: 0x0000000089800000, size: 1896 MB, Compressed Oops mode: 32-bit

CDS archive(s) mapped at: [0x0000000000000000-0x0000000000000000-0x0000000000000000), size 0, SharedBaseAddress: 0x0000000800000000, ArchiveRelocationMode: 1.
Narrow klass base: 0x0000000000000000, Narrow klass shift: 0, Narrow klass range: 0x0

GC Precious Log:
<Empty>

Heap:
 garbage-first heap   total 0K, used 0K [0x0000000089800000, 0x0000000100000000)
  region size 1024K, 0 young (0K), 0 survivors (0K)

[error occurred during error reporting (printing heap information), id 0xc0000005, EXCEPTION_ACCESS_VIOLATION (0xc0000005) at pc=0x00007ffa15761499]

GC Heap History (0 events):
No events

Deoptimization events (0 events):
No events

Classes unloaded (0 events):
No events

Classes redefined (0 events):
No events

Internal exceptions (0 events):
No events

VM Operations (0 events):
No events

Events (1 events):
Event: 0.014 Loaded shared library C:\Program Files\Java\jdk-17\bin\java.dll


Dynamic libraries:
0x00007ff6a8700000 - 0x00007ff6a8710000 	C:\Program Files\Java\jdk-17\bin\java.exe
0x00007ffac0b10000 - 0x00007ffac0d27000 	C:\Windows\SYSTEM32\ntdll.dll
0x00007ffabef20000 - 0x00007ffabefe4000 	C:\Windows\System32\KERNEL32.DLL
0x00007ffabe090000 - 0x00007ffabe462000 	C:\Windows\System32\KERNELBASE.dll
0x00007ffabe4a0000 - 0x00007ffabe5b1000 	C:\Windows\System32\ucrtbase.dll
0x00007ffaa9140000 - 0x00007ffaa915b000 	C:\Program Files\Java\jdk-17\bin\VCRUNTIME140.dll
0x00007ffaa9120000 - 0x00007ffaa9139000 	C:\Program Files\Java\jdk-17\bin\jli.dll
0x00007ffabe7a0000 - 0x00007ffabe851000 	C:\Windows\System32\ADVAPI32.dll
0x00007ffabed40000 - 0x00007ffabede7000 	C:\Windows\System32\msvcrt.dll
0x00007ffabec90000 - 0x00007ffabed38000 	C:\Windows\System32\sechost.dll
0x00007ffabe470000 - 0x00007ffabe498000 	C:\Windows\System32\bcrypt.dll
0x00007ffabf200000 - 0x00007ffabf314000 	C:\Windows\System32\RPCRT4.dll
0x00007ffabfbf0000 - 0x00007ffabfda1000 	C:\Windows\System32\USER32.dll
0x00007ffaab2d0000 - 0x00007ffaab56b000 	C:\Windows\WinSxS\amd64_microsoft.windows.common-controls_6595b64144ccf1df_6.0.22621.5413_none_270da5617387a498\COMCTL32.dll
0x00007ffabdd70000 - 0x00007ffabdd96000 	C:\Windows\System32\win32u.dll
0x00007ffac0aa0000 - 0x00007ffac0ac9000 	C:\Windows\System32\GDI32.dll
0x00007ffabdda0000 - 0x00007ffabdec3000 	C:\Windows\System32\gdi32full.dll
0x00007ffabe700000 - 0x00007ffabe79a000 	C:\Windows\System32\msvcp_win.dll
0x00007ffab3f10000 - 0x00007ffab3f1a000 	C:\Windows\SYSTEM32\VERSION.dll
0x00007ffabebd0000 - 0x00007ffabec01000 	C:\Windows\System32\IMM32.DLL
0x00007ffaa8b70000 - 0x00007ffaa8b7c000 	C:\Program Files\Java\jdk-17\bin\vcruntime140_1.dll
0x00007ffa720c0000 - 0x00007ffa7214e000 	C:\Program Files\Java\jdk-17\bin\msvcp140.dll
0x00007ffa15090000 - 0x00007ffa15c6e000 	C:\Program Files\Java\jdk-17\bin\server\jvm.dll
0x00007ffabf330000 - 0x00007ffabf338000 	C:\Windows\System32\PSAPI.DLL
0x00007ffaa6ef0000 - 0x00007ffaa6ef9000 	C:\Windows\SYSTEM32\WSOCK32.dll
0x00007ffab90c0000 - 0x00007ffab90f4000 	C:\Windows\SYSTEM32\WINMM.dll
0x00007ffabec10000 - 0x00007ffabec81000 	C:\Windows\System32\WS2_32.dll
0x00007ffabcbf0000 - 0x00007ffabcc08000 	C:\Windows\SYSTEM32\kernel.appcore.dll
0x00007ffa9f1b0000 - 0x00007ffa9f1ba000 	C:\Program Files\Java\jdk-17\bin\jimage.dll
0x00007ffabb4b0000 - 0x00007ffabb6e2000 	C:\Windows\SYSTEM32\DBGHELP.DLL
0x00007ffac05f0000 - 0x00007ffac0983000 	C:\Windows\System32\combase.dll
0x00007ffabf120000 - 0x00007ffabf1f7000 	C:\Windows\System32\OLEAUT32.dll
0x00007ffab14b0000 - 0x00007ffab14e2000 	C:\Windows\SYSTEM32\dbgcore.DLL
0x00007ffabe010000 - 0x00007ffabe08b000 	C:\Windows\System32\bcryptPrimitives.dll
0x00007ffa97d90000 - 0x00007ffa97db5000 	C:\Program Files\Java\jdk-17\bin\java.dll

dbghelp: loaded successfully - version: 4.0.5 - missing functions: none
symbol engine: initialized successfully - sym options: 0x614 - pdb path: .;C:\Program Files\Java\jdk-17\bin;C:\Windows\SYSTEM32;C:\Windows\WinSxS\amd64_microsoft.windows.common-controls_6595b64144ccf1df_6.0.22621.5413_none_270da5617387a498;C:\Program Files\Java\jdk-17\bin\server

VM Arguments:
jvm_args: -Djava 
java_command: .library.path=./DynamoDBLocal_lib -jar DynamoDBLocal.jar -sharedDb -port 8000
java_class_path (initial): .
Launcher Type: SUN_STANDARD

[Global flags]
     intx CICompilerCount                          = 4                                         {product} {ergonomic}
     uint ConcGCThreads                            = 3                                         {product} {ergonomic}
     uint G1ConcRefinementThreads                  = 10                                        {product} {ergonomic}
   size_t G1HeapRegionSize                         = 1048576                                   {product} {ergonomic}
    uintx GCDrainStackTargetSize                   = 64                                        {product} {ergonomic}
   size_t InitialHeapSize                          = 125829120                                 {product} {ergonomic}
   size_t MarkStackSize                            = 4194304                                   {product} {ergonomic}
   size_t MaxHeapSize                              = 1988100096                                {product} {ergonomic}
   size_t MinHeapDeltaBytes                        = 1048576                                   {product} {ergonomic}
   size_t MinHeapSize                              = 8388608                                   {product} {ergonomic}
    uintx NonNMethodCodeHeapSize                   = 5839372                                {pd product} {ergonomic}
    uintx NonProfiledCodeHeapSize                  = 122909434                              {pd product} {ergonomic}
    uintx ProfiledCodeHeapSize                     = 122909434                              {pd product} {ergonomic}
    uintx ReservedCodeCacheSize                    = 251658240                              {pd product} {ergonomic}
     bool SegmentedCodeCache                       = true                                      {product} {ergonomic}
   size_t SoftMaxHeapSize                          = 1988100096                             {manageable} {ergonomic}
     bool UseCompressedClassPointers               = true                           {product lp64_product} {ergonomic}
     bool UseCompressedOops                        = true                           {product lp64_product} {ergonomic}
     bool UseG1GC                                  = true                                      {product} {ergonomic}
     bool UseLargePagesIndividualAllocation        = false                                  {pd product} {ergonomic}

Logging:
Log output configuration:
 #0: stdout all=warning uptime,level,tags
 #1: stderr all=off uptime,level,tags

Environment Variables:
PATH=c:\Users\lokes\.vscode\extensions\ms-python.python-2025.10.0-win32-x64\python_files\deactivate\powershell;C:\Users\lokes\travelgo\.venv\Scripts;c:\Users\lokes\.vscode\extensions\ms-python.python-2025.10.0-win32-x64\python_files\deactivate\powershell;C:\Users\lokes\travelgo\.venv\Scripts;C:\Program Files\Common Files\Oracle\Java\javapath;C:\Windows\system32;C:\Windows;C:\Windows\System32\Wbem;C:\Windows\System32\WindowsPowerShell\v1.0\;C:\Windows\System32\OpenSSH\;C:\Program Files\dotnet\;C:\Program Files\nodejs\;C:\Users\lokes\AppData\Local\Programs\Python\Launcher\;C:\Users\lokes\AppData\Local\Microsoft\WindowsApps;;C:\Program Files\JetBrains\PyCharm Community Edition 2024.2.2\bin;;C:\Users\lokes\AppData\Local\Muse Hub\lib;C:\Users\lokes\AppData\Roaming\npm;C:\Users\lokes\AppData\Local\Programs\cursor\resources\app\bin;C:\Program Files (x86)\Nmap;C:\Users\lokes\AppData\Local\Programs\Microsoft VS Code\bin
USERNAME=lokes
LANG=en_US.UTF-8
OS=Windows_NT
PROCESSOR_IDENTIFIER=AMD64 Family 25 Model 80 Stepping 0, AuthenticAMD



---------------  S Y S T E M  ---------------

OS:
 Windows 11 , 64 bit Build 22621 (10.0.22621.5413)
OS uptime: 0 days 21:58 hours
Hyper-V role detected

CPU: total 12 (initial active 12) (12 cores per cpu, 2 threads per core) family 25 model 80 stepping 0 microcode 0x0, cx8, cmov, fxsr, ht, mmx, 3dnowpref, sse, sse2, sse3, ssse3, sse4a, sse4.1, sse4.2, popcnt, lzcnt, tsc, tscinvbit, avx, avx2, aes, erms, clmul, bmi1, bmi2, adx, sha, fma, vzeroupper, clflush, clflushopt, hv

Memory: 4k page, system-wide physical 7583M (878M free)
TotalPageFile size 13914M (AvailPageFile size 88M)
current process WorkingSet (physical memory assigned to process): 11M, peak: 11M
current process commit charge ("private bytes"): 64M, peak: 184M

vm_info: Java HotSpot(TM) 64-Bit Server VM (17.0.8+9-LTS-211) for windows-amd64 JRE (17.0.8+9-LTS-211), built on Jun 14 2023 10:34:31 by "mach5one" with MS VC++ 17.1 (VS2022)

END.
